This is pdfTeX, Version 3.14159265-2.6-1.40.19 (MiKTeX 2.9.6630 64-bit) (preloaded format=pdflatex 2018.5.16)  7 JUN 2018 15:10
entering extended mode
**./zavrsni.tex
(zavrsni.tex
LaTeX2e <2017-04-15>
Babel <3.18> and hyphenation patterns for 75 language(s) loaded.
(fer.cls
Document Class: fer 
("C:\Users\JARVIS\AppData\Local\Programs\MiKTeX 2.9\tex\latex\base\report.cls"
Document Class: report 2014/09/29 v1.4h Standard LaTeX document class
("C:\Users\JARVIS\AppData\Local\Programs\MiKTeX 2.9\tex\latex\base\size12.clo"
File: size12.clo 2014/09/29 v1.4h Standard LaTeX file (size option)
)
\c@part=\count79
\c@chapter=\count80
\c@section=\count81
\c@subsection=\count82
\c@subsubsection=\count83
\c@paragraph=\count84
\c@subparagraph=\count85
\c@figure=\count86
\c@table=\count87
\abovecaptionskip=\skip41
\belowcaptionskip=\skip42
\bibindent=\dimen102
)
("C:\Users\JARVIS\AppData\Local\Programs\MiKTeX 2.9\tex\latex\geometry\geometry
.sty"
Package: geometry 2010/09/12 v5.6 Page Geometry

("C:\Users\JARVIS\AppData\Local\Programs\MiKTeX 2.9\tex\latex\graphics\keyval.s
ty"
Package: keyval 2014/10/28 v1.15 key=value parser (DPC)
\KV@toks@=\toks14
)
("C:\Users\JARVIS\AppData\Local\Programs\MiKTeX 2.9\tex\generic\oberdiek\ifpdf.
sty"
Package: ifpdf 2017/03/15 v3.2 Provides the ifpdf switch
)
("C:\Users\JARVIS\AppData\Local\Programs\MiKTeX 2.9\tex\generic\oberdiek\ifvtex
.sty"
Package: ifvtex 2016/05/16 v1.6 Detect VTeX and its facilities (HO)
Package ifvtex Info: VTeX not detected.
)
("C:\Users\JARVIS\AppData\Local\Programs\MiKTeX 2.9\tex\generic\ifxetex\ifxetex
.sty"
Package: ifxetex 2010/09/12 v0.6 Provides ifxetex conditional
)
\Gm@cnth=\count88
\Gm@cntv=\count89
\c@Gm@tempcnt=\count90
\Gm@bindingoffset=\dimen103
\Gm@wd@mp=\dimen104
\Gm@odd@mp=\dimen105
\Gm@even@mp=\dimen106
\Gm@layoutwidth=\dimen107
\Gm@layoutheight=\dimen108
\Gm@layouthoffset=\dimen109
\Gm@layoutvoffset=\dimen110
\Gm@dimlist=\toks15

("C:\Users\JARVIS\AppData\Local\Programs\MiKTeX 2.9\tex\latex\geometry\geometry
.cfg"))
("C:\Users\JARVIS\AppData\Local\Programs\MiKTeX 2.9\tex\latex\base\inputenc.sty
"
Package: inputenc 2015/03/17 v1.2c Input encoding file
\inpenc@prehook=\toks16
\inpenc@posthook=\toks17
 ("C:\Users\JARVIS\AppData\Local\Programs\MiKTeX 2.9\tex\latex\base\utf8.def"
File: utf8.def 2017/01/28 v1.1t UTF-8 support for inputenc
Now handling font encoding OML ...
... no UTF-8 mapping file for font encoding OML
Now handling font encoding T1 ...
... processing UTF-8 mapping file for font encoding T1

("C:\Users\JARVIS\AppData\Local\Programs\MiKTeX 2.9\tex\latex\base\t1enc.dfu"
File: t1enc.dfu 2017/01/28 v1.1t UTF-8 support for inputenc
   defining Unicode char U+00A0 (decimal 160)
   defining Unicode char U+00A1 (decimal 161)
   defining Unicode char U+00A3 (decimal 163)
   defining Unicode char U+00AB (decimal 171)
   defining Unicode char U+00AD (decimal 173)
   defining Unicode char U+00BB (decimal 187)
   defining Unicode char U+00BF (decimal 191)
   defining Unicode char U+00C0 (decimal 192)
   defining Unicode char U+00C1 (decimal 193)
   defining Unicode char U+00C2 (decimal 194)
   defining Unicode char U+00C3 (decimal 195)
   defining Unicode char U+00C4 (decimal 196)
   defining Unicode char U+00C5 (decimal 197)
   defining Unicode char U+00C6 (decimal 198)
   defining Unicode char U+00C7 (decimal 199)
   defining Unicode char U+00C8 (decimal 200)
   defining Unicode char U+00C9 (decimal 201)
   defining Unicode char U+00CA (decimal 202)
   defining Unicode char U+00CB (decimal 203)
   defining Unicode char U+00CC (decimal 204)
   defining Unicode char U+00CD (decimal 205)
   defining Unicode char U+00CE (decimal 206)
   defining Unicode char U+00CF (decimal 207)
   defining Unicode char U+00D0 (decimal 208)
   defining Unicode char U+00D1 (decimal 209)
   defining Unicode char U+00D2 (decimal 210)
   defining Unicode char U+00D3 (decimal 211)
   defining Unicode char U+00D4 (decimal 212)
   defining Unicode char U+00D5 (decimal 213)
   defining Unicode char U+00D6 (decimal 214)
   defining Unicode char U+00D8 (decimal 216)
   defining Unicode char U+00D9 (decimal 217)
   defining Unicode char U+00DA (decimal 218)
   defining Unicode char U+00DB (decimal 219)
   defining Unicode char U+00DC (decimal 220)
   defining Unicode char U+00DD (decimal 221)
   defining Unicode char U+00DE (decimal 222)
   defining Unicode char U+00DF (decimal 223)
   defining Unicode char U+00E0 (decimal 224)
   defining Unicode char U+00E1 (decimal 225)
   defining Unicode char U+00E2 (decimal 226)
   defining Unicode char U+00E3 (decimal 227)
   defining Unicode char U+00E4 (decimal 228)
   defining Unicode char U+00E5 (decimal 229)
   defining Unicode char U+00E6 (decimal 230)
   defining Unicode char U+00E7 (decimal 231)
   defining Unicode char U+00E8 (decimal 232)
   defining Unicode char U+00E9 (decimal 233)
   defining Unicode char U+00EA (decimal 234)
   defining Unicode char U+00EB (decimal 235)
   defining Unicode char U+00EC (decimal 236)
   defining Unicode char U+00ED (decimal 237)
   defining Unicode char U+00EE (decimal 238)
   defining Unicode char U+00EF (decimal 239)
   defining Unicode char U+00F0 (decimal 240)
   defining Unicode char U+00F1 (decimal 241)
   defining Unicode char U+00F2 (decimal 242)
   defining Unicode char U+00F3 (decimal 243)
   defining Unicode char U+00F4 (decimal 244)
   defining Unicode char U+00F5 (decimal 245)
   defining Unicode char U+00F6 (decimal 246)
   defining Unicode char U+00F8 (decimal 248)
   defining Unicode char U+00F9 (decimal 249)
   defining Unicode char U+00FA (decimal 250)
   defining Unicode char U+00FB (decimal 251)
   defining Unicode char U+00FC (decimal 252)
   defining Unicode char U+00FD (decimal 253)
   defining Unicode char U+00FE (decimal 254)
   defining Unicode char U+00FF (decimal 255)
   defining Unicode char U+0100 (decimal 256)
   defining Unicode char U+0101 (decimal 257)
   defining Unicode char U+0102 (decimal 258)
   defining Unicode char U+0103 (decimal 259)
   defining Unicode char U+0104 (decimal 260)
   defining Unicode char U+0105 (decimal 261)
   defining Unicode char U+0106 (decimal 262)
   defining Unicode char U+0107 (decimal 263)
   defining Unicode char U+0108 (decimal 264)
   defining Unicode char U+0109 (decimal 265)
   defining Unicode char U+010A (decimal 266)
   defining Unicode char U+010B (decimal 267)
   defining Unicode char U+010C (decimal 268)
   defining Unicode char U+010D (decimal 269)
   defining Unicode char U+010E (decimal 270)
   defining Unicode char U+010F (decimal 271)
   defining Unicode char U+0110 (decimal 272)
   defining Unicode char U+0111 (decimal 273)
   defining Unicode char U+0112 (decimal 274)
   defining Unicode char U+0113 (decimal 275)
   defining Unicode char U+0114 (decimal 276)
   defining Unicode char U+0115 (decimal 277)
   defining Unicode char U+0116 (decimal 278)
   defining Unicode char U+0117 (decimal 279)
   defining Unicode char U+0118 (decimal 280)
   defining Unicode char U+0119 (decimal 281)
   defining Unicode char U+011A (decimal 282)
   defining Unicode char U+011B (decimal 283)
   defining Unicode char U+011C (decimal 284)
   defining Unicode char U+011D (decimal 285)
   defining Unicode char U+011E (decimal 286)
   defining Unicode char U+011F (decimal 287)
   defining Unicode char U+0120 (decimal 288)
   defining Unicode char U+0121 (decimal 289)
   defining Unicode char U+0122 (decimal 290)
   defining Unicode char U+0123 (decimal 291)
   defining Unicode char U+0124 (decimal 292)
   defining Unicode char U+0125 (decimal 293)
   defining Unicode char U+0128 (decimal 296)
   defining Unicode char U+0129 (decimal 297)
   defining Unicode char U+012A (decimal 298)
   defining Unicode char U+012B (decimal 299)
   defining Unicode char U+012C (decimal 300)
   defining Unicode char U+012D (decimal 301)
   defining Unicode char U+012E (decimal 302)
   defining Unicode char U+012F (decimal 303)
   defining Unicode char U+0130 (decimal 304)
   defining Unicode char U+0131 (decimal 305)
   defining Unicode char U+0132 (decimal 306)
   defining Unicode char U+0133 (decimal 307)
   defining Unicode char U+0134 (decimal 308)
   defining Unicode char U+0135 (decimal 309)
   defining Unicode char U+0136 (decimal 310)
   defining Unicode char U+0137 (decimal 311)
   defining Unicode char U+0139 (decimal 313)
   defining Unicode char U+013A (decimal 314)
   defining Unicode char U+013B (decimal 315)
   defining Unicode char U+013C (decimal 316)
   defining Unicode char U+013D (decimal 317)
   defining Unicode char U+013E (decimal 318)
   defining Unicode char U+0141 (decimal 321)
   defining Unicode char U+0142 (decimal 322)
   defining Unicode char U+0143 (decimal 323)
   defining Unicode char U+0144 (decimal 324)
   defining Unicode char U+0145 (decimal 325)
   defining Unicode char U+0146 (decimal 326)
   defining Unicode char U+0147 (decimal 327)
   defining Unicode char U+0148 (decimal 328)
   defining Unicode char U+014A (decimal 330)
   defining Unicode char U+014B (decimal 331)
   defining Unicode char U+014C (decimal 332)
   defining Unicode char U+014D (decimal 333)
   defining Unicode char U+014E (decimal 334)
   defining Unicode char U+014F (decimal 335)
   defining Unicode char U+0150 (decimal 336)
   defining Unicode char U+0151 (decimal 337)
   defining Unicode char U+0152 (decimal 338)
   defining Unicode char U+0153 (decimal 339)
   defining Unicode char U+0154 (decimal 340)
   defining Unicode char U+0155 (decimal 341)
   defining Unicode char U+0156 (decimal 342)
   defining Unicode char U+0157 (decimal 343)
   defining Unicode char U+0158 (decimal 344)
   defining Unicode char U+0159 (decimal 345)
   defining Unicode char U+015A (decimal 346)
   defining Unicode char U+015B (decimal 347)
   defining Unicode char U+015C (decimal 348)
   defining Unicode char U+015D (decimal 349)
   defining Unicode char U+015E (decimal 350)
   defining Unicode char U+015F (decimal 351)
   defining Unicode char U+0160 (decimal 352)
   defining Unicode char U+0161 (decimal 353)
   defining Unicode char U+0162 (decimal 354)
   defining Unicode char U+0163 (decimal 355)
   defining Unicode char U+0164 (decimal 356)
   defining Unicode char U+0165 (decimal 357)
   defining Unicode char U+0168 (decimal 360)
   defining Unicode char U+0169 (decimal 361)
   defining Unicode char U+016A (decimal 362)
   defining Unicode char U+016B (decimal 363)
   defining Unicode char U+016C (decimal 364)
   defining Unicode char U+016D (decimal 365)
   defining Unicode char U+016E (decimal 366)
   defining Unicode char U+016F (decimal 367)
   defining Unicode char U+0170 (decimal 368)
   defining Unicode char U+0171 (decimal 369)
   defining Unicode char U+0172 (decimal 370)
   defining Unicode char U+0173 (decimal 371)
   defining Unicode char U+0174 (decimal 372)
   defining Unicode char U+0175 (decimal 373)
   defining Unicode char U+0176 (decimal 374)
   defining Unicode char U+0177 (decimal 375)
   defining Unicode char U+0178 (decimal 376)
   defining Unicode char U+0179 (decimal 377)
   defining Unicode char U+017A (decimal 378)
   defining Unicode char U+017B (decimal 379)
   defining Unicode char U+017C (decimal 380)
   defining Unicode char U+017D (decimal 381)
   defining Unicode char U+017E (decimal 382)
   defining Unicode char U+01CD (decimal 461)
   defining Unicode char U+01CE (decimal 462)
   defining Unicode char U+01CF (decimal 463)
   defining Unicode char U+01D0 (decimal 464)
   defining Unicode char U+01D1 (decimal 465)
   defining Unicode char U+01D2 (decimal 466)
   defining Unicode char U+01D3 (decimal 467)
   defining Unicode char U+01D4 (decimal 468)
   defining Unicode char U+01E2 (decimal 482)
   defining Unicode char U+01E3 (decimal 483)
   defining Unicode char U+01E6 (decimal 486)
   defining Unicode char U+01E7 (decimal 487)
   defining Unicode char U+01E8 (decimal 488)
   defining Unicode char U+01E9 (decimal 489)
   defining Unicode char U+01EA (decimal 490)
   defining Unicode char U+01EB (decimal 491)
   defining Unicode char U+01F0 (decimal 496)
   defining Unicode char U+01F4 (decimal 500)
   defining Unicode char U+01F5 (decimal 501)
   defining Unicode char U+0218 (decimal 536)
   defining Unicode char U+0219 (decimal 537)
   defining Unicode char U+021A (decimal 538)
   defining Unicode char U+021B (decimal 539)
   defining Unicode char U+0232 (decimal 562)
   defining Unicode char U+0233 (decimal 563)
   defining Unicode char U+1E02 (decimal 7682)
   defining Unicode char U+1E03 (decimal 7683)
   defining Unicode char U+200C (decimal 8204)
   defining Unicode char U+2010 (decimal 8208)
   defining Unicode char U+2011 (decimal 8209)
   defining Unicode char U+2012 (decimal 8210)
   defining Unicode char U+2013 (decimal 8211)
   defining Unicode char U+2014 (decimal 8212)
   defining Unicode char U+2015 (decimal 8213)
   defining Unicode char U+2018 (decimal 8216)
   defining Unicode char U+2019 (decimal 8217)
   defining Unicode char U+201A (decimal 8218)
   defining Unicode char U+201C (decimal 8220)
   defining Unicode char U+201D (decimal 8221)
   defining Unicode char U+201E (decimal 8222)
   defining Unicode char U+2030 (decimal 8240)
   defining Unicode char U+2031 (decimal 8241)
   defining Unicode char U+2039 (decimal 8249)
   defining Unicode char U+203A (decimal 8250)
   defining Unicode char U+2423 (decimal 9251)
   defining Unicode char U+1E20 (decimal 7712)
   defining Unicode char U+1E21 (decimal 7713)
)
Now handling font encoding OT1 ...
... processing UTF-8 mapping file for font encoding OT1

("C:\Users\JARVIS\AppData\Local\Programs\MiKTeX 2.9\tex\latex\base\ot1enc.dfu"
File: ot1enc.dfu 2017/01/28 v1.1t UTF-8 support for inputenc
   defining Unicode char U+00A0 (decimal 160)
   defining Unicode char U+00A1 (decimal 161)
   defining Unicode char U+00A3 (decimal 163)
   defining Unicode char U+00AD (decimal 173)
   defining Unicode char U+00B8 (decimal 184)
   defining Unicode char U+00BF (decimal 191)
   defining Unicode char U+00C5 (decimal 197)
   defining Unicode char U+00C6 (decimal 198)
   defining Unicode char U+00D8 (decimal 216)
   defining Unicode char U+00DF (decimal 223)
   defining Unicode char U+00E6 (decimal 230)
   defining Unicode char U+00EC (decimal 236)
   defining Unicode char U+00ED (decimal 237)
   defining Unicode char U+00EE (decimal 238)
   defining Unicode char U+00EF (decimal 239)
   defining Unicode char U+00F8 (decimal 248)
   defining Unicode char U+0131 (decimal 305)
   defining Unicode char U+0141 (decimal 321)
   defining Unicode char U+0142 (decimal 322)
   defining Unicode char U+0152 (decimal 338)
   defining Unicode char U+0153 (decimal 339)
   defining Unicode char U+0174 (decimal 372)
   defining Unicode char U+0175 (decimal 373)
   defining Unicode char U+0176 (decimal 374)
   defining Unicode char U+0177 (decimal 375)
   defining Unicode char U+0218 (decimal 536)
   defining Unicode char U+0219 (decimal 537)
   defining Unicode char U+021A (decimal 538)
   defining Unicode char U+021B (decimal 539)
   defining Unicode char U+2013 (decimal 8211)
   defining Unicode char U+2014 (decimal 8212)
   defining Unicode char U+2018 (decimal 8216)
   defining Unicode char U+2019 (decimal 8217)
   defining Unicode char U+201C (decimal 8220)
   defining Unicode char U+201D (decimal 8221)
)
Now handling font encoding OMS ...
... processing UTF-8 mapping file for font encoding OMS
("C:\Users\JARVIS\AppData\Local\Programs\MiKTeX 2.9\tex\latex\base\omsenc.dfu"
File: omsenc.dfu 2017/01/28 v1.1t UTF-8 support for inputenc
   defining Unicode char U+00A7 (decimal 167)
   defining Unicode char U+00B6 (decimal 182)
   defining Unicode char U+00B7 (decimal 183)
   defining Unicode char U+2020 (decimal 8224)
   defining Unicode char U+2021 (decimal 8225)
   defining Unicode char U+2022 (decimal 8226)
)
Now handling font encoding OMX ...
... no UTF-8 mapping file for font encoding OMX
Now handling font encoding U ...
... no UTF-8 mapping file for font encoding U
   defining Unicode char U+00A9 (decimal 169)
   defining Unicode char U+00AA (decimal 170)
   defining Unicode char U+00AE (decimal 174)
   defining Unicode char U+00BA (decimal 186)
   defining Unicode char U+02C6 (decimal 710)
   defining Unicode char U+02DC (decimal 732)
   defining Unicode char U+200C (decimal 8204)
   defining Unicode char U+2026 (decimal 8230)
   defining Unicode char U+2122 (decimal 8482)
   defining Unicode char U+2423 (decimal 9251)
))
("C:\Users\JARVIS\AppData\Local\Programs\MiKTeX 2.9\tex\generic\babel\babel.sty
"
Package: babel 2018/02/14 3.18 The Babel package

("C:\Users\JARVIS\AppData\Local\Programs\MiKTeX 2.9\tex\generic\babel\switch.de
f"
File: switch.def 2018/02/14 3.18 Babel switching mechanism
)
*************************************
* Local config file bblopts.cfg used
*
("C:\Users\JARVIS\AppData\Local\Programs\MiKTeX 2.9\tex\latex\arabi\bblopts.cfg
"
File: bblopts.cfg 2005/09/08 v0.1 add Arabic and Farsi to "declared" options of
 babel
)
("C:\Users\JARVIS\AppData\Local\Programs\MiKTeX 2.9\tex\latex\babel-croatian\cr
oatian.ldf"
Language: croatian 2014/03/31 v1.3m Croatian support from the babel system

("C:\Users\JARVIS\AppData\Local\Programs\MiKTeX 2.9\tex\generic\babel\babel.def
"
File: babel.def 2018/02/14 3.18 Babel common definitions
\babel@savecnt=\count91
\U@D=\dimen111

("C:\Users\JARVIS\AppData\Local\Programs\MiKTeX 2.9\tex\generic\babel\txtbabel.
def")
\bbl@dirlevel=\count92
)))
("C:\Users\JARVIS\AppData\Local\Programs\MiKTeX 2.9\tex\latex\base\fontenc.sty"
Package: fontenc 2017/04/05 v2.0i Standard LaTeX package
("C:\Users\JARVIS\AppData\Local\Programs\MiKTeX 2.9\tex\latex\base\t1enc.def"
File: t1enc.def 2017/04/05 v2.0i Standard LaTeX file
LaTeX Font Info:    Redeclaring font encoding T1 on input line 48.
))
("C:\Users\JARVIS\AppData\Local\Programs\MiKTeX 2.9\tex\latex\graphics\graphicx
.sty"
Package: graphicx 2017/06/01 v1.1a Enhanced LaTeX Graphics (DPC,SPQR)

("C:\Users\JARVIS\AppData\Local\Programs\MiKTeX 2.9\tex\latex\graphics\graphics
.sty"
Package: graphics 2017/06/25 v1.2c Standard LaTeX Graphics (DPC,SPQR)

("C:\Users\JARVIS\AppData\Local\Programs\MiKTeX 2.9\tex\latex\graphics\trig.sty
"
Package: trig 2016/01/03 v1.10 sin cos tan (DPC)
)
("C:\Users\JARVIS\AppData\Local\Programs\MiKTeX 2.9\tex\latex\graphics-cfg\grap
hics.cfg"
File: graphics.cfg 2016/06/04 v1.11 sample graphics configuration
)
Package graphics Info: Driver file: pdftex.def on input line 99.

("C:\Users\JARVIS\AppData\Local\Programs\MiKTeX 2.9\tex\latex\graphics-def\pdft
ex.def"
File: pdftex.def 2018/01/08 v1.0l Graphics/color driver for pdftex
))
\Gin@req@height=\dimen112
\Gin@req@width=\dimen113
)
("C:\Users\JARVIS\AppData\Local\Programs\MiKTeX 2.9\tex\latex\amsfonts\amssymb.
sty"
Package: amssymb 2013/01/14 v3.01 AMS font symbols

("C:\Users\JARVIS\AppData\Local\Programs\MiKTeX 2.9\tex\latex\amsfonts\amsfonts
.sty"
Package: amsfonts 2013/01/14 v3.01 Basic AMSFonts support
\@emptytoks=\toks18
\symAMSa=\mathgroup4
\symAMSb=\mathgroup5
LaTeX Font Info:    Overwriting math alphabet `\mathfrak' in version `bold'
(Font)                  U/euf/m/n --> U/euf/b/n on input line 106.
))
("C:\Users\JARVIS\AppData\Local\Programs\MiKTeX 2.9\tex\latex\amsmath\amsmath.s
ty"
Package: amsmath 2017/09/02 v2.17a AMS math features
\@mathmargin=\skip43

For additional information on amsmath, use the `?' option.

("C:\Users\JARVIS\AppData\Local\Programs\MiKTeX 2.9\tex\latex\amsmath\amstext.s
ty"
Package: amstext 2000/06/29 v2.01 AMS text

("C:\Users\JARVIS\AppData\Local\Programs\MiKTeX 2.9\tex\latex\amsmath\amsgen.st
y"
File: amsgen.sty 1999/11/30 v2.0 generic functions
\@emptytoks=\toks19
\ex@=\dimen114
))
("C:\Users\JARVIS\AppData\Local\Programs\MiKTeX 2.9\tex\latex\amsmath\amsbsy.st
y"
Package: amsbsy 1999/11/29 v1.2d Bold Symbols
\pmbraise@=\dimen115
)
("C:\Users\JARVIS\AppData\Local\Programs\MiKTeX 2.9\tex\latex\amsmath\amsopn.st
y"
Package: amsopn 2016/03/08 v2.02 operator names
)
\inf@bad=\count93
LaTeX Info: Redefining \frac on input line 213.
\uproot@=\count94
\leftroot@=\count95
LaTeX Info: Redefining \overline on input line 375.
\classnum@=\count96
\DOTSCASE@=\count97
LaTeX Info: Redefining \ldots on input line 472.
LaTeX Info: Redefining \dots on input line 475.
LaTeX Info: Redefining \cdots on input line 596.
\Mathstrutbox@=\box26
\strutbox@=\box27
\big@size=\dimen116
LaTeX Font Info:    Redeclaring font encoding OML on input line 712.
LaTeX Font Info:    Redeclaring font encoding OMS on input line 713.
\macc@depth=\count98
\c@MaxMatrixCols=\count99
\dotsspace@=\muskip10
\c@parentequation=\count100
\dspbrk@lvl=\count101
\tag@help=\toks20
\row@=\count102
\column@=\count103
\maxfields@=\count104
\andhelp@=\toks21
\eqnshift@=\dimen117
\alignsep@=\dimen118
\tagshift@=\dimen119
\tagwidth@=\dimen120
\totwidth@=\dimen121
\lineht@=\dimen122
\@envbody=\toks22
\multlinegap=\skip44
\multlinetaggap=\skip45
\mathdisplay@stack=\toks23
LaTeX Info: Redefining \[ on input line 2817.
LaTeX Info: Redefining \] on input line 2818.
)
("C:\Users\JARVIS\AppData\Local\Programs\MiKTeX 2.9\tex\latex\base\fixltx2e.sty
"
Package: fixltx2e 2016/12/29 v2.1a fixes to LaTeX (obsolete)
Applying: [2015/01/01] Old fixltx2e package on input line 46.


Package fixltx2e Warning: fixltx2e is not required with releases after 2015
(fixltx2e)                All fixes are now in the LaTeX kernel.
(fixltx2e)                See the latexrelease package for details.

Already applied: [0000/00/00] Old fixltx2e package on input line 53.
)
("C:\Users\JARVIS\AppData\Local\Programs\MiKTeX 2.9\tex\latex\caption\caption.s
ty"
Package: caption 2016/02/21 v3.3-144 Customizing captions (AR)

("C:\Users\JARVIS\AppData\Local\Programs\MiKTeX 2.9\tex\latex\caption\caption3.
sty"
Package: caption3 2016/05/22 v1.7-166 caption3 kernel (AR)
Package caption3 Info: TeX engine: e-TeX on input line 67.
\captionmargin=\dimen123
\captionmargin@=\dimen124
\captionwidth=\dimen125
\caption@tempdima=\dimen126
\caption@indent=\dimen127
\caption@parindent=\dimen128
\caption@hangindent=\dimen129
)
\c@ContinuedFloat=\count105
)
("C:\Users\JARVIS\AppData\Local\Programs\MiKTeX 2.9\tex\latex\base\ifthen.sty"
Package: ifthen 2014/09/29 v1.1c Standard LaTeX ifthen package (DPC)
) ("C:\Users\JARVIS\AppData\Local\Programs\MiKTeX 2.9\tex\latex\url\url.sty"
\Urlmuskip=\muskip11
Package: url 2013/09/16  ver 3.4  Verb mode for urls, etc.
)
("C:\Users\JARVIS\AppData\Local\Programs\MiKTeX 2.9\tex\latex\enumitem\enumitem
.sty"
Package: enumitem 2011/09/28 v3.5.2 Customized lists
\labelindent=\skip46
\enit@outerparindent=\dimen130
\enit@toks=\toks24
\enit@inbox=\box28
\enitdp@description=\count106
)
("C:\Users\JARVIS\AppData\Local\Programs\MiKTeX 2.9\tex\latex\tocbibind\tocbibi
nd.sty"
Package: tocbibind 2010/10/13 v1.5k extra ToC listings
Package tocbibind Info: The document has chapter divisions on input line 50.


Package tocbibind Note: Using chapter style headings, unless overridden.

) ("C:\Users\JARVIS\AppData\Local\Programs\MiKTeX 2.9\tex\latex\psnfss\times.st
y"
Package: times 2005/04/12 PSNFSS-v9.2a (SPQR) 
)
("C:\Users\JARVIS\AppData\Local\Programs\MiKTeX 2.9\tex\latex\natbib\natbib.sty
"
Package: natbib 2010/09/13 8.31b (PWD, AO)
\bibhang=\skip47
\bibsep=\skip48
LaTeX Info: Redefining \cite on input line 694.
\c@NAT@ctr=\count107
)
\listindentation=\dimen131
)
("C:\Users\JARVIS\AppData\Local\Programs\MiKTeX 2.9\tex\latex\booktabs\booktabs
.sty"
Package: booktabs 2005/04/14 v1.61803 publication quality tables
\heavyrulewidth=\dimen132
\lightrulewidth=\dimen133
\cmidrulewidth=\dimen134
\belowrulesep=\dimen135
\belowbottomsep=\dimen136
\aboverulesep=\dimen137
\abovetopsep=\dimen138
\cmidrulesep=\dimen139
\cmidrulekern=\dimen140
\defaultaddspace=\dimen141
\@cmidla=\count108
\@cmidlb=\count109
\@aboverulesep=\dimen142
\@belowrulesep=\dimen143
\@thisruleclass=\count110
\@lastruleclass=\count111
\@thisrulewidth=\dimen144
)
("C:\Users\JARVIS\AppData\Local\Programs\MiKTeX 2.9\tex\latex\algorithms\algori
thmic.sty"
Package: algorithmic 2009/08/24 v0.1 Document Style `algorithmic'
\c@ALC@unique=\count112
\c@ALC@line=\count113
\c@ALC@rem=\count114
\c@ALC@depth=\count115
\ALC@tlm=\skip49
\algorithmicindent=\skip50
)
("C:\Users\JARVIS\AppData\Local\Programs\MiKTeX 2.9\tex\latex\algorithms\algori
thm.sty"
Package: algorithm 2009/08/24 v0.1 Document Style `algorithm' - floating enviro
nment

("C:\Users\JARVIS\AppData\Local\Programs\MiKTeX 2.9\tex\latex\float\float.sty"
Package: float 2001/11/08 v1.3d Float enhancements (AL)
\c@float@type=\count116
\float@exts=\toks25
\float@box=\box29
\@float@everytoks=\toks26
\@floatcapt=\box30
)
\@float@every@algorithm=\toks27
\c@algorithm=\count117
)
("C:\Users\JARVIS\AppData\Local\Programs\MiKTeX 2.9\tex\latex\multirow\multirow
.sty"
Package: multirow 2016/11/25 v2.2 Span multiple rows of a table
\multirow@colwidth=\skip51
\multirow@cntb=\count118
\multirow@dima=\skip52
\bigstrutjot=\dimen145
)
("C:\Users\JARVIS\AppData\Local\Programs\MiKTeX 2.9\tex\latex\numprint\numprint
.sty"
Package: numprint 2012/08/20 v1.39 Print numbers (HH)

("C:\Users\JARVIS\AppData\Local\Programs\MiKTeX 2.9\tex\latex\tools\array.sty"
Package: array 2016/10/06 v2.4d Tabular extension package (FMi)
\col@sep=\dimen146
\extrarowheight=\dimen147
\NC@list=\toks28
\extratabsurround=\skip53
\backup@length=\skip54
)
\c@nprt@mantissa@digitsbefore=\count119
\c@nprt@mantissa@digitsafter=\count120
\c@nprt@exponent@digitsbefore=\count121
\c@nprt@exponent@digitsafter=\count122
\nprt@digitwidth=\skip55
\nprt@sepwidth=\skip56
\nprt@decimalwidth=\skip57
\nprt@blockwidth=\skip58
\nprt@digittoks=\toks29
\nprt@pretoks=\toks30
\nprt@posttoks=\toks31
\nprt@thisdigit=\count123
\nprt@curpos=\count124
\nprt@rndpos=\count125
\c@nprt@digitsfirstblock=\count126
\c@nprt@blockcnt=\count127
\c@nprt@cntprint=\count128
No configuration file `numprint.cfg' found.)
("C:\Users\JARVIS\AppData\Local\Programs\MiKTeX 2.9\tex\latex\placeins\placeins
.sty"
Package: placeins 2005/04/18  v 2.2
)
("C:\Users\JARVIS\AppData\Local\Programs\MiKTeX 2.9\tex\latex\tools\afterpage.s
ty"
Package: afterpage 2014/10/28 v1.08 After-Page Package (DPC)
\AP@output=\toks32
\AP@partial=\box31
\AP@footins=\box32
) (zavrsni.aux)
\openout1 = `zavrsni.aux'.

LaTeX Font Info:    Checking defaults for OML/cmm/m/it on input line 18.
LaTeX Font Info:    ... okay on input line 18.
LaTeX Font Info:    Checking defaults for T1/cmr/m/n on input line 18.
LaTeX Font Info:    ... okay on input line 18.
LaTeX Font Info:    Checking defaults for OT1/cmr/m/n on input line 18.
LaTeX Font Info:    ... okay on input line 18.
LaTeX Font Info:    Checking defaults for OMS/cmsy/m/n on input line 18.
LaTeX Font Info:    ... okay on input line 18.
LaTeX Font Info:    Checking defaults for OMX/cmex/m/n on input line 18.
LaTeX Font Info:    ... okay on input line 18.
LaTeX Font Info:    Checking defaults for U/cmr/m/n on input line 18.
LaTeX Font Info:    ... okay on input line 18.
LaTeX Font Info:    Try loading font information for T1+ptm on input line 18.

("C:\Users\JARVIS\AppData\Local\Programs\MiKTeX 2.9\tex\latex\psnfss\t1ptm.fd"
File: t1ptm.fd 2001/06/04 font definitions for T1/ptm.
)
*geometry* driver: auto-detecting
*geometry* detected driver: pdftex
*geometry* verbose mode - [ preamble ] result:
* driver: pdftex
* paper: a4paper
* layout: <same size as paper>
* layoutoffset:(h,v)=(0.0pt,0.0pt)
* modes: 
* h-part:(L,W,R)=(99.58464pt, 412.56497pt, 85.35826pt)
* v-part:(T,H,B)=(85.35826pt, 674.33032pt, 85.35826pt)
* \paperwidth=597.50787pt
* \paperheight=845.04684pt
* \textwidth=412.56497pt
* \textheight=674.33032pt
* \oddsidemargin=27.31465pt
* \evensidemargin=27.31465pt
* \topmargin=-23.91173pt
* \headheight=12.0pt
* \headsep=25.0pt
* \topskip=12.0pt
* \footskip=30.0pt
* \marginparwidth=44.0pt
* \marginparsep=10.0pt
* \columnsep=10.0pt
* \skip\footins=10.8pt plus 4.0pt minus 2.0pt
* \hoffset=0.0pt
* \voffset=0.0pt
* \mag=1000
* \@twocolumnfalse
* \@twosidefalse
* \@mparswitchfalse
* \@reversemarginfalse
* (1in=72.27pt=25.4mm, 1cm=28.453pt)


("C:\Users\JARVIS\AppData\Local\Programs\MiKTeX 2.9\tex\context\base\supp-pdf.m
kii"
[Loading MPS to PDF converter (version 2006.09.02).]
\scratchcounter=\count129
\scratchdimen=\dimen148
\scratchbox=\box33
\nofMPsegments=\count130
\nofMParguments=\count131
\everyMPshowfont=\toks33
\MPscratchCnt=\count132
\MPscratchDim=\dimen149
\MPnumerator=\count133
\makeMPintoPDFobject=\count134
\everyMPtoPDFconversion=\toks34
)
("C:\Users\JARVIS\AppData\Local\Programs\MiKTeX 2.9\tex\latex\oberdiek\epstopdf
-base.sty"
Package: epstopdf-base 2016/05/15 v2.6 Base part for package epstopdf

("C:\Users\JARVIS\AppData\Local\Programs\MiKTeX 2.9\tex\generic\oberdiek\infwar
err.sty"
Package: infwarerr 2016/05/16 v1.4 Providing info/warning/error messages (HO)
)
("C:\Users\JARVIS\AppData\Local\Programs\MiKTeX 2.9\tex\latex\oberdiek\grfext.s
ty"
Package: grfext 2016/05/16 v1.2 Manage graphics extensions (HO)

("C:\Users\JARVIS\AppData\Local\Programs\MiKTeX 2.9\tex\generic\oberdiek\kvdefi
nekeys.sty"
Package: kvdefinekeys 2016/05/16 v1.4 Define keys (HO)

("C:\Users\JARVIS\AppData\Local\Programs\MiKTeX 2.9\tex\generic\oberdiek\ltxcmd
s.sty"
Package: ltxcmds 2016/05/16 v1.23 LaTeX kernel commands for general use (HO)
)))
("C:\Users\JARVIS\AppData\Local\Programs\MiKTeX 2.9\tex\latex\oberdiek\kvoption
s.sty"
Package: kvoptions 2016/05/16 v3.12 Key value format for package options (HO)

("C:\Users\JARVIS\AppData\Local\Programs\MiKTeX 2.9\tex\generic\oberdiek\kvsetk
eys.sty"
Package: kvsetkeys 2016/05/16 v1.17 Key value parser (HO)

("C:\Users\JARVIS\AppData\Local\Programs\MiKTeX 2.9\tex\generic\oberdiek\etexcm
ds.sty"
Package: etexcmds 2016/05/16 v1.6 Avoid name clashes with e-TeX commands (HO)

("C:\Users\JARVIS\AppData\Local\Programs\MiKTeX 2.9\tex\generic\oberdiek\ifluat
ex.sty"
Package: ifluatex 2016/05/16 v1.4 Provides the ifluatex switch (HO)
Package ifluatex Info: LuaTeX not detected.
)
Package etexcmds Info: Could not find \expanded.
(etexcmds)             That can mean that you are not using pdfTeX 1.50 or
(etexcmds)             that some package has redefined \expanded.
(etexcmds)             In the latter case, load this package earlier.
)))
("C:\Users\JARVIS\AppData\Local\Programs\MiKTeX 2.9\tex\generic\oberdiek\pdftex
cmds.sty"
Package: pdftexcmds 2018/01/21 v0.26 Utility functions of pdfTeX for LuaTeX (HO
)
Package pdftexcmds Info: LuaTeX not detected.
Package pdftexcmds Info: \pdf@primitive is available.
Package pdftexcmds Info: \pdf@ifprimitive is available.
Package pdftexcmds Info: \pdfdraftmode found.
)
Package epstopdf-base Info: Redefining graphics rule for `.eps' on input line 4
38.
Package grfext Info: Graphics extension search list:
(grfext)             [.pdf,.png,.jpg,.mps,.jpeg,.jbig2,.jb2,.PDF,.PNG,.JPG,.JPE
G,.JBIG2,.JB2,.eps]
(grfext)             \AppendGraphicsExtensions on input line 456.
)
Package caption Info: Begin \AtBeginDocument code.
Package caption Info: float package is loaded.
Package caption Info: End \AtBeginDocument code.
LaTeX Font Info:    Try loading font information for T1+phv on input line 29.

("C:\Users\JARVIS\AppData\Local\Programs\MiKTeX 2.9\tex\latex\psnfss\t1phv.fd"
File: t1phv.fd 2001/06/04 scalable font definitions for T1/phv.
)
LaTeX Font Info:    Font shape `T1/ptm/bx/n' in size <14.4> not available
(Font)              Font shape `T1/ptm/b/n' tried instead on input line 29.
LaTeX Font Info:    Font shape `T1/phv/bx/n' in size <14.4> not available
(Font)              Font shape `T1/phv/b/n' tried instead on input line 29.
LaTeX Font Info:    Font shape `T1/ptm/bx/n' in size <24.88> not available
(Font)              Font shape `T1/ptm/b/n' tried instead on input line 29.
LaTeX Font Info:    Font shape `T1/phv/bx/n' in size <24.88> not available
(Font)              Font shape `T1/phv/b/n' tried instead on input line 29.
LaTeX Font Info:    Try loading font information for U+msa on input line 29.
("C:\Users\JARVIS\AppData\Local\Programs\MiKTeX 2.9\tex\latex\amsfonts\umsa.fd"
File: umsa.fd 2013/01/14 v3.01 AMS symbols A
)
LaTeX Font Info:    Try loading font information for U+msb on input line 29.
 ("C:\Users\JARVIS\AppData\Local\Programs\MiKTeX 2.9\tex\latex\amsfonts\umsb.fd
"
File: umsb.fd 2013/01/14 v3.01 AMS symbols B
) [1

{C:/Users/JARVIS/AppData/Local/MiKTeX/2.9/pdftex/config/pdftex.map}]
LaTeX Font Info:    Try loading font information for T1+pcr on input line 32.

("C:\Users\JARVIS\AppData\Local\Programs\MiKTeX 2.9\tex\latex\psnfss\t1pcr.fd"
File: t1pcr.fd 2001/06/04 font definitions for T1/pcr.
) [1] [3] (zavrsni.toc
LaTeX Font Info:    Font shape `T1/ptm/bx/n' in size <12> not available
(Font)              Font shape `T1/ptm/b/n' tried instead on input line 2.
 [4

])
\tf@toc=\write3
\openout3 = `zavrsni.toc'.

 [5]
Poglavlje 1.
LaTeX Font Info:    Font shape `T1/ptm/bx/n' in size <17.28> not available
(Font)              Font shape `T1/ptm/b/n' tried instead on input line 42.
[1

]
Overfull \hbox (8.31462pt too wide) in paragraph at lines 62--65
\T1/ptm/m/n/12 funk-cija $[] \OT1/cmr/m/n/12 = \OMS/cmsy/m/n/12 f\OML/cmm/m/it/
12 y[]; [] ; y[]\OMS/cmsy/m/n/12 g$ \T1/ptm/m/n/12 i $[]$ ko-jemu je pri-dru-ºe
n vek-tor $[]  \OT1/cmr/m/n/12 =  \OMS/cmsy/m/n/12 f\OML/cmm/m/it/12 y[]; [] ; 
y[]\OMS/cmsy/m/n/12 g$\T1/ptm/m/n/12 ,
 []

[2] [3]
Poglavlje 2.

Overfull \hbox (2.31848pt too wide) in paragraph at lines 77--80
\T1/ptm/m/n/12 U sklopu ovog rada, im-ple-men-ti-rani su slje-de¢i al-go-ritmi:
 NSGA, NSGA-II, [],
 []

[4

]
Overfull \hbox (9.98701pt too wide) in paragraph at lines 124--126
\T1/ptm/m/n/12 Na te-me-lju uda-lje-nosti $\OML/cmm/m/it/12 d$ \T1/ptm/m/n/12 r
a-£una se vri-jed-nost funk-cije di-je-lje-nja $\OT1/cmr/m/n/12 (\OML/cmm/m/it/
12 engl: []\OT1/cmr/m/n/12 )$\T1/ptm/m/n/12 : 
 []


Underfull \hbox (badness 10000) in paragraph at lines 136--138

 []

[5] [6]
Underfull \hbox (badness 10000) in paragraph at lines 156--157

 []

[7] [8]
Underfull \hbox (badness 10000) in paragraph at lines 201--202

 []

[9]
Underfull \hbox (badness 10000) in paragraph at lines 228--229

 []

[10] [11]
Underfull \hbox (badness 10000) in paragraph at lines 286--287

 []

[12] [13]
Underfull \hbox (badness 10000) in paragraph at lines 322--324

 []


Underfull \hbox (badness 10000) in paragraph at lines 348--351

 []

[14] [15] [16] [17] [18] [19]
Poglavlje 3.
[20

]
LaTeX Font Info:    Font shape `T1/ptm/bx/n' in size <10.95> not available
(Font)              Font shape `T1/ptm/b/n' tried instead on input line 473.
 [21] [22]
<Figures/nsga_dtlz1_side.png, id=106, 421.575pt x 316.18124pt>
File: Figures/nsga_dtlz1_side.png Graphic file (type png)
<use Figures/nsga_dtlz1_side.png>
Package pdftex.def Info: Figures/nsga_dtlz1_side.png  used on input line 530.
(pdftex.def)             Requested size: 244.70021pt x 183.52019pt.
<Figures/nsga_dtlz1.png, id=107, 421.575pt x 316.18124pt>
File: Figures/nsga_dtlz1.png Graphic file (type png)
<use Figures/nsga_dtlz1.png>
Package pdftex.def Info: Figures/nsga_dtlz1.png  used on input line 530.
(pdftex.def)             Requested size: 117.60277pt x 88.2037pt.
<Figures/nsga2_dtlz1_side.png, id=108, 421.575pt x 316.18124pt>
File: Figures/nsga2_dtlz1_side.png Graphic file (type png)
<use Figures/nsga2_dtlz1_side.png>
Package pdftex.def Info: Figures/nsga2_dtlz1_side.png  used on input line 537.
(pdftex.def)             Requested size: 244.70021pt x 183.52019pt.
<Figures/nsga2_dtlz1.png, id=109, 421.575pt x 316.18124pt>
File: Figures/nsga2_dtlz1.png Graphic file (type png)
<use Figures/nsga2_dtlz1.png>
Package pdftex.def Info: Figures/nsga2_dtlz1.png  used on input line 537.
(pdftex.def)             Requested size: 117.60277pt x 88.2037pt.
<Figures/nsga3_dtlz1_side.png, id=110, 421.575pt x 316.18124pt>
File: Figures/nsga3_dtlz1_side.png Graphic file (type png)
<use Figures/nsga3_dtlz1_side.png>
Package pdftex.def Info: Figures/nsga3_dtlz1_side.png  used on input line 544.
(pdftex.def)             Requested size: 244.70021pt x 183.52019pt.
<Figures/nsga3_dtlz1.png, id=111, 421.575pt x 316.18124pt>
File: Figures/nsga3_dtlz1.png Graphic file (type png)
<use Figures/nsga3_dtlz1.png>
Package pdftex.def Info: Figures/nsga3_dtlz1.png  used on input line 544.
(pdftex.def)             Requested size: 117.60277pt x 88.2037pt.
<Figures/spea2_dtlz1_side.png, id=112, 421.575pt x 316.18124pt>
File: Figures/spea2_dtlz1_side.png Graphic file (type png)
<use Figures/spea2_dtlz1_side.png>
Package pdftex.def Info: Figures/spea2_dtlz1_side.png  used on input line 551.
(pdftex.def)             Requested size: 244.70021pt x 183.52019pt.
<Figures/spea2_dtlz1.png, id=113, 421.575pt x 316.18124pt>
File: Figures/spea2_dtlz1.png Graphic file (type png)
<use Figures/spea2_dtlz1.png>
Package pdftex.def Info: Figures/spea2_dtlz1.png  used on input line 551.
(pdftex.def)             Requested size: 117.60277pt x 88.2037pt.
<Figures/moead_pbi_dtlz1_side.png, id=114, 421.575pt x 316.18124pt>
File: Figures/moead_pbi_dtlz1_side.png Graphic file (type png)
<use Figures/moead_pbi_dtlz1_side.png>
Package pdftex.def Info: Figures/moead_pbi_dtlz1_side.png  used on input line 5
58.
(pdftex.def)             Requested size: 244.70021pt x 183.52019pt.
<Figures/moead_pbi_dtlz1.png, id=115, 421.575pt x 316.18124pt>
File: Figures/moead_pbi_dtlz1.png Graphic file (type png)
<use Figures/moead_pbi_dtlz1.png>
Package pdftex.def Info: Figures/moead_pbi_dtlz1.png  used on input line 558.
(pdftex.def)             Requested size: 117.60277pt x 88.2037pt.
<Figures/moead_tch_dtlz1_side.png, id=116, 421.575pt x 316.18124pt>
File: Figures/moead_tch_dtlz1_side.png Graphic file (type png)
<use Figures/moead_tch_dtlz1_side.png>
Package pdftex.def Info: Figures/moead_tch_dtlz1_side.png  used on input line 5
65.
(pdftex.def)             Requested size: 244.70021pt x 183.52019pt.
<Figures/moead_tch_dtlz1.png, id=117, 421.575pt x 316.18124pt>
File: Figures/moead_tch_dtlz1.png Graphic file (type png)
<use Figures/moead_tch_dtlz1.png>
Package pdftex.def Info: Figures/moead_tch_dtlz1.png  used on input line 565.
(pdftex.def)             Requested size: 117.60277pt x 88.2037pt.
 [23 <./Figures/nsga_dtlz1_side.png (PNG copy)> <./Figures/nsga_dtlz1.png (PNG 
copy)>]
Overfull \hbox (63.1428pt too wide) in paragraph at lines 579--597
 [][] 
 []


Overfull \hbox (1.79999pt too wide) in paragraph at lines 599--600
[]\T1/ptm/m/n/12 Vidljivo je da naj-bo-lje re-zul-tate pri po-ve-¢a-nom broju c
ilj-nih funk-cija ima MOEA/D-
 []

[24 <./Figures/nsga2_dtlz1_side.png (PNG copy)> <./Figures/nsga2_dtlz1.png (PNG
 copy)> <./Figures/nsga3_dtlz1_side.png (PNG copy)> <./Figures/nsga3_dtlz1.png 
(PNG copy)>] [25 <./Figures/spea2_dtlz1_side.png (PNG copy)> <./Figures/spea2_d
tlz1.png (PNG copy)> <./Figures/moead_pbi_dtlz1_side.png (PNG copy)> <./Figures
/moead_pbi_dtlz1.png (PNG copy)>] [26 <./Figures/moead_tch_dtlz1_side.png (PNG 
copy)> <./Figures/moead_tch_dtlz1.png (PNG copy)>]
Overfull \hbox (53.53577pt too wide) detected at line 613
[]
 []

Package epstopdf Info: Source file: <Figures/nsga_dtlz2_side.eps>
(epstopdf)                    date: 2018-06-06 15:47:14
(epstopdf)                    size: 69197 bytes
(epstopdf)             Output file: <Figures/nsga_dtlz2_side-eps-converted-to.p
df>
(epstopdf)                    date: 2018-06-06 17:02:00
(epstopdf)                    size: 13369 bytes
(epstopdf)             Command: <epstopdf --outfile=Figures/nsga_dtlz2_side-eps
-converted-to.pdf Figures/nsga_dtlz2_side.eps>
(epstopdf)             \includegraphics on input line 623.
Package epstopdf Info: Output file is already uptodate.
<Figures/nsga_dtlz2_side-eps-converted-to.pdf, id=134, 421.575pt x 316.18124pt>

File: Figures/nsga_dtlz2_side-eps-converted-to.pdf Graphic file (type pdf)
<use Figures/nsga_dtlz2_side-eps-converted-to.pdf>
Package pdftex.def Info: Figures/nsga_dtlz2_side-eps-converted-to.pdf  used on 
input line 623.
(pdftex.def)             Requested size: 244.70021pt x 183.52019pt.
Package epstopdf Info: Source file: <Figures/nsga_dtlz2.eps>
(epstopdf)                    date: 2018-06-06 15:45:29
(epstopdf)                    size: 68564 bytes
(epstopdf)             Output file: <Figures/nsga_dtlz2-eps-converted-to.pdf>
(epstopdf)                    date: 2018-06-06 17:02:03
(epstopdf)                    size: 13074 bytes
(epstopdf)             Command: <epstopdf --outfile=Figures/nsga_dtlz2-eps-conv
erted-to.pdf Figures/nsga_dtlz2.eps>
(epstopdf)             \includegraphics on input line 623.
Package epstopdf Info: Output file is already uptodate.
<Figures/nsga_dtlz2-eps-converted-to.pdf, id=135, 421.575pt x 316.18124pt>
File: Figures/nsga_dtlz2-eps-converted-to.pdf Graphic file (type pdf)
<use Figures/nsga_dtlz2-eps-converted-to.pdf>
Package pdftex.def Info: Figures/nsga_dtlz2-eps-converted-to.pdf  used on input
 line 623.
(pdftex.def)             Requested size: 117.60277pt x 88.2037pt.
Package epstopdf Info: Source file: <Figures/nsga2_dtlz2_side.eps>
(epstopdf)                    date: 2018-06-06 15:48:59
(epstopdf)                    size: 69205 bytes
(epstopdf)             Output file: <Figures/nsga2_dtlz2_side-eps-converted-to.
pdf>
(epstopdf)                    date: 2018-06-06 17:02:04
(epstopdf)                    size: 14008 bytes
(epstopdf)             Command: <epstopdf --outfile=Figures/nsga2_dtlz2_side-ep
s-converted-to.pdf Figures/nsga2_dtlz2_side.eps>
(epstopdf)             \includegraphics on input line 630.
Package epstopdf Info: Output file is already uptodate.
<Figures/nsga2_dtlz2_side-eps-converted-to.pdf, id=136, 421.575pt x 316.18124pt
>
File: Figures/nsga2_dtlz2_side-eps-converted-to.pdf Graphic file (type pdf)
<use Figures/nsga2_dtlz2_side-eps-converted-to.pdf>
Package pdftex.def Info: Figures/nsga2_dtlz2_side-eps-converted-to.pdf  used on
 input line 630.
(pdftex.def)             Requested size: 244.70021pt x 183.52019pt.
Package epstopdf Info: Source file: <Figures/nsga2_dtlz2.eps>
(epstopdf)                    date: 2018-06-06 15:48:40
(epstopdf)                    size: 69638 bytes
(epstopdf)             Output file: <Figures/nsga2_dtlz2-eps-converted-to.pdf>
(epstopdf)                    date: 2018-06-06 17:02:06
(epstopdf)                    size: 13963 bytes
(epstopdf)             Command: <epstopdf --outfile=Figures/nsga2_dtlz2-eps-con
verted-to.pdf Figures/nsga2_dtlz2.eps>
(epstopdf)             \includegraphics on input line 630.
Package epstopdf Info: Output file is already uptodate.
<Figures/nsga2_dtlz2-eps-converted-to.pdf, id=137, 421.575pt x 316.18124pt>
File: Figures/nsga2_dtlz2-eps-converted-to.pdf Graphic file (type pdf)
<use Figures/nsga2_dtlz2-eps-converted-to.pdf>
Package pdftex.def Info: Figures/nsga2_dtlz2-eps-converted-to.pdf  used on inpu
t line 630.
(pdftex.def)             Requested size: 117.60277pt x 88.2037pt.
Package epstopdf Info: Source file: <Figures/nsga3_dtlz2_side.eps>
(epstopdf)                    date: 2018-06-06 15:50:31
(epstopdf)                    size: 68129 bytes
(epstopdf)             Output file: <Figures/nsga3_dtlz2_side-eps-converted-to.
pdf>
(epstopdf)                    date: 2018-06-06 17:02:07
(epstopdf)                    size: 13850 bytes
(epstopdf)             Command: <epstopdf --outfile=Figures/nsga3_dtlz2_side-ep
s-converted-to.pdf Figures/nsga3_dtlz2_side.eps>
(epstopdf)             \includegraphics on input line 637.
Package epstopdf Info: Output file is already uptodate.
<Figures/nsga3_dtlz2_side-eps-converted-to.pdf, id=138, 421.575pt x 316.18124pt
>
File: Figures/nsga3_dtlz2_side-eps-converted-to.pdf Graphic file (type pdf)
<use Figures/nsga3_dtlz2_side-eps-converted-to.pdf>
Package pdftex.def Info: Figures/nsga3_dtlz2_side-eps-converted-to.pdf  used on
 input line 637.
(pdftex.def)             Requested size: 244.70021pt x 183.52019pt.
Package epstopdf Info: Source file: <Figures/nsga3_dtlz2.eps>
(epstopdf)                    date: 2018-06-06 15:50:19
(epstopdf)                    size: 69723 bytes
(epstopdf)             Output file: <Figures/nsga3_dtlz2-eps-converted-to.pdf>
(epstopdf)                    date: 2018-06-06 17:02:09
(epstopdf)                    size: 14039 bytes
(epstopdf)             Command: <epstopdf --outfile=Figures/nsga3_dtlz2-eps-con
verted-to.pdf Figures/nsga3_dtlz2.eps>
(epstopdf)             \includegraphics on input line 637.
Package epstopdf Info: Output file is already uptodate.
<Figures/nsga3_dtlz2-eps-converted-to.pdf, id=139, 421.575pt x 316.18124pt>
File: Figures/nsga3_dtlz2-eps-converted-to.pdf Graphic file (type pdf)
<use Figures/nsga3_dtlz2-eps-converted-to.pdf>
Package pdftex.def Info: Figures/nsga3_dtlz2-eps-converted-to.pdf  used on inpu
t line 637.
(pdftex.def)             Requested size: 117.60277pt x 88.2037pt.
Package epstopdf Info: Source file: <Figures/spea2_dtlz2_side.eps>
(epstopdf)                    date: 2018-06-06 15:53:42
(epstopdf)                    size: 69856 bytes
(epstopdf)             Output file: <Figures/spea2_dtlz2_side-eps-converted-to.
pdf>
(epstopdf)                    date: 2018-06-06 17:03:33
(epstopdf)                    size: 14633 bytes
(epstopdf)             Command: <epstopdf --outfile=Figures/spea2_dtlz2_side-ep
s-converted-to.pdf Figures/spea2_dtlz2_side.eps>
(epstopdf)             \includegraphics on input line 644.
Package epstopdf Info: Output file is already uptodate.
<Figures/spea2_dtlz2_side-eps-converted-to.pdf, id=140, 421.575pt x 316.18124pt
>
File: Figures/spea2_dtlz2_side-eps-converted-to.pdf Graphic file (type pdf)
<use Figures/spea2_dtlz2_side-eps-converted-to.pdf>
Package pdftex.def Info: Figures/spea2_dtlz2_side-eps-converted-to.pdf  used on
 input line 644.
(pdftex.def)             Requested size: 244.70021pt x 183.52019pt.
Package epstopdf Info: Source file: <Figures/spea2_dtlz2.eps>
(epstopdf)                    date: 2018-06-06 15:51:29
(epstopdf)                    size: 70554 bytes
(epstopdf)             Output file: <Figures/spea2_dtlz2-eps-converted-to.pdf>
(epstopdf)                    date: 2018-06-06 17:02:11
(epstopdf)                    size: 14681 bytes
(epstopdf)             Command: <epstopdf --outfile=Figures/spea2_dtlz2-eps-con
verted-to.pdf Figures/spea2_dtlz2.eps>
(epstopdf)             \includegraphics on input line 644.
Package epstopdf Info: Output file is already uptodate.
<Figures/spea2_dtlz2-eps-converted-to.pdf, id=141, 421.575pt x 316.18124pt>
File: Figures/spea2_dtlz2-eps-converted-to.pdf Graphic file (type pdf)
<use Figures/spea2_dtlz2-eps-converted-to.pdf>
Package pdftex.def Info: Figures/spea2_dtlz2-eps-converted-to.pdf  used on inpu
t line 644.
(pdftex.def)             Requested size: 117.60277pt x 88.2037pt.
Package epstopdf Info: Source file: <Figures/moead_pbi_dtlz2_side.eps>
(epstopdf)                    date: 2018-06-06 16:57:30
(epstopdf)                    size: 67584 bytes
(epstopdf)             Output file: <Figures/moead_pbi_dtlz2_side-eps-converted
-to.pdf>
(epstopdf)                    date: 2018-06-06 17:02:12
(epstopdf)                    size: 13895 bytes
(epstopdf)             Command: <epstopdf --outfile=Figures/moead_pbi_dtlz2_sid
e-eps-converted-to.pdf Figures/moead_pbi_dtlz2_side.eps>
(epstopdf)             \includegraphics on input line 651.
Package epstopdf Info: Output file is already uptodate.
<Figures/moead_pbi_dtlz2_side-eps-converted-to.pdf, id=142, 421.575pt x 316.181
24pt>
File: Figures/moead_pbi_dtlz2_side-eps-converted-to.pdf Graphic file (type pdf)

<use Figures/moead_pbi_dtlz2_side-eps-converted-to.pdf>
Package pdftex.def Info: Figures/moead_pbi_dtlz2_side-eps-converted-to.pdf  use
d on input line 651.
(pdftex.def)             Requested size: 244.70021pt x 183.52019pt.
Package epstopdf Info: Source file: <Figures/moead_pbi_dtlz2.eps>
(epstopdf)                    date: 2018-06-06 16:57:15
(epstopdf)                    size: 67734 bytes
(epstopdf)             Output file: <Figures/moead_pbi_dtlz2-eps-converted-to.p
df>
(epstopdf)                    date: 2018-06-06 17:04:08
(epstopdf)                    size: 13960 bytes
(epstopdf)             Command: <epstopdf --outfile=Figures/moead_pbi_dtlz2-eps
-converted-to.pdf Figures/moead_pbi_dtlz2.eps>
(epstopdf)             \includegraphics on input line 651.
Package epstopdf Info: Output file is already uptodate.
<Figures/moead_pbi_dtlz2-eps-converted-to.pdf, id=143, 421.575pt x 316.18124pt>

File: Figures/moead_pbi_dtlz2-eps-converted-to.pdf Graphic file (type pdf)
<use Figures/moead_pbi_dtlz2-eps-converted-to.pdf>
Package pdftex.def Info: Figures/moead_pbi_dtlz2-eps-converted-to.pdf  used on 
input line 651.
(pdftex.def)             Requested size: 117.60277pt x 88.2037pt.
[27

 <./Figures/nsga_dtlz2_side-eps-converted-to.pdf> <./Figures/nsga_dtlz2-eps-con
verted-to.pdf>] [28 <./Figures/nsga2_dtlz2_side-eps-converted-to.pdf> <./Figure
s/nsga2_dtlz2-eps-converted-to.pdf> <./Figures/nsga3_dtlz2_side-eps-converted-t
o.pdf> <./Figures/nsga3_dtlz2-eps-converted-to.pdf>]
Package epstopdf Info: Source file: <Figures/moead_tch_dtlz2_side.eps>
(epstopdf)                    date: 2018-06-06 16:58:51
(epstopdf)                    size: 67277 bytes
(epstopdf)             Output file: <Figures/moead_tch_dtlz2_side-eps-converted
-to.pdf>
(epstopdf)                    date: 2018-06-06 17:02:14
(epstopdf)                    size: 11957 bytes
(epstopdf)             Command: <epstopdf --outfile=Figures/moead_tch_dtlz2_sid
e-eps-converted-to.pdf Figures/moead_tch_dtlz2_side.eps>
(epstopdf)             \includegraphics on input line 659.
Package epstopdf Info: Output file is already uptodate.
<Figures/moead_tch_dtlz2_side-eps-converted-to.pdf, id=180, 421.575pt x 316.181
24pt>
File: Figures/moead_tch_dtlz2_side-eps-converted-to.pdf Graphic file (type pdf)

<use Figures/moead_tch_dtlz2_side-eps-converted-to.pdf>
Package pdftex.def Info: Figures/moead_tch_dtlz2_side-eps-converted-to.pdf  use
d on input line 659.
(pdftex.def)             Requested size: 244.70021pt x 183.52019pt.
Package epstopdf Info: Source file: <Figures/moead_tch_dtlz2.eps>
(epstopdf)                    date: 2018-06-06 16:58:38
(epstopdf)                    size: 68298 bytes
(epstopdf)             Output file: <Figures/moead_tch_dtlz2-eps-converted-to.p
df>
(epstopdf)                    date: 2018-06-06 17:02:15
(epstopdf)                    size: 11987 bytes
(epstopdf)             Command: <epstopdf --outfile=Figures/moead_tch_dtlz2-eps
-converted-to.pdf Figures/moead_tch_dtlz2.eps>
(epstopdf)             \includegraphics on input line 659.
Package epstopdf Info: Output file is already uptodate.
<Figures/moead_tch_dtlz2-eps-converted-to.pdf, id=181, 421.575pt x 316.18124pt>

File: Figures/moead_tch_dtlz2-eps-converted-to.pdf Graphic file (type pdf)
<use Figures/moead_tch_dtlz2-eps-converted-to.pdf>
Package pdftex.def Info: Figures/moead_tch_dtlz2-eps-converted-to.pdf  used on 
input line 659.
(pdftex.def)             Requested size: 113.80746pt x 85.35826pt.

Overfull \hbox (68.71997pt too wide) in paragraph at lines 671--689
 [][] 
 []

[29 <./Figures/spea2_dtlz2_side-eps-converted-to.pdf> <./Figures/spea2_dtlz2-ep
s-converted-to.pdf> <./Figures/moead_pbi_dtlz2_side-eps-converted-to.pdf> <./Fi
gures/moead_pbi_dtlz2-eps-converted-to.pdf>] [30 <./Figures/moead_tch_dtlz2_sid
e-eps-converted-to.pdf> <./Figures/moead_tch_dtlz2-eps-converted-to.pdf>]
Overfull \hbox (53.53577pt too wide) detected at line 704
[]
 []


Underfull \hbox (badness 10000) in paragraph at lines 704--706

 []

Package epstopdf Info: Source file: <Figures/nsga_dtlz3_side.eps>
(epstopdf)                    date: 2018-06-06 21:42:13
(epstopdf)                    size: 69637 bytes
(epstopdf)             Output file: <Figures/nsga_dtlz3_side-eps-converted-to.p
df>
(epstopdf)                    date: 2018-06-06 22:03:13
(epstopdf)                    size: 13783 bytes
(epstopdf)             Command: <epstopdf --outfile=Figures/nsga_dtlz3_side-eps
-converted-to.pdf Figures/nsga_dtlz3_side.eps>
(epstopdf)             \includegraphics on input line 709.
Package epstopdf Info: Output file is already uptodate.
<Figures/nsga_dtlz3_side-eps-converted-to.pdf, id=218, 421.575pt x 316.18124pt>

File: Figures/nsga_dtlz3_side-eps-converted-to.pdf Graphic file (type pdf)
<use Figures/nsga_dtlz3_side-eps-converted-to.pdf>
Package pdftex.def Info: Figures/nsga_dtlz3_side-eps-converted-to.pdf  used on 
input line 709.
(pdftex.def)             Requested size: 244.70021pt x 183.52019pt.
Package epstopdf Info: Source file: <Figures/nsga_dtlz3.eps>
(epstopdf)                    date: 2018-06-06 21:38:35
(epstopdf)                    size: 69844 bytes
(epstopdf)             Output file: <Figures/nsga_dtlz3-eps-converted-to.pdf>
(epstopdf)                    date: 2018-06-06 22:03:14
(epstopdf)                    size: 13770 bytes
(epstopdf)             Command: <epstopdf --outfile=Figures/nsga_dtlz3-eps-conv
erted-to.pdf Figures/nsga_dtlz3.eps>
(epstopdf)             \includegraphics on input line 709.
Package epstopdf Info: Output file is already uptodate.
<Figures/nsga_dtlz3-eps-converted-to.pdf, id=219, 421.575pt x 316.18124pt>
File: Figures/nsga_dtlz3-eps-converted-to.pdf Graphic file (type pdf)
<use Figures/nsga_dtlz3-eps-converted-to.pdf>
Package pdftex.def Info: Figures/nsga_dtlz3-eps-converted-to.pdf  used on input
 line 709.
(pdftex.def)             Requested size: 117.60277pt x 88.2037pt.
Package epstopdf Info: Source file: <Figures/nsga2_dtlz3_side.eps>
(epstopdf)                    date: 2018-06-06 21:44:19
(epstopdf)                    size: 68243 bytes
(epstopdf)             Output file: <Figures/nsga2_dtlz3_side-eps-converted-to.
pdf>
(epstopdf)                    date: 2018-06-06 22:03:16
(epstopdf)                    size: 13996 bytes
(epstopdf)             Command: <epstopdf --outfile=Figures/nsga2_dtlz3_side-ep
s-converted-to.pdf Figures/nsga2_dtlz3_side.eps>
(epstopdf)             \includegraphics on input line 716.
Package epstopdf Info: Output file is already uptodate.
<Figures/nsga2_dtlz3_side-eps-converted-to.pdf, id=220, 421.575pt x 316.18124pt
>
File: Figures/nsga2_dtlz3_side-eps-converted-to.pdf Graphic file (type pdf)
<use Figures/nsga2_dtlz3_side-eps-converted-to.pdf>
Package pdftex.def Info: Figures/nsga2_dtlz3_side-eps-converted-to.pdf  used on
 input line 716.
(pdftex.def)             Requested size: 244.70021pt x 183.52019pt.
Package epstopdf Info: Source file: <Figures/nsga2_dtlz3.eps>
(epstopdf)                    date: 2018-06-06 21:43:59
(epstopdf)                    size: 66686 bytes
(epstopdf)             Output file: <Figures/nsga2_dtlz3-eps-converted-to.pdf>
(epstopdf)                    date: 2018-06-06 22:03:17
(epstopdf)                    size: 13909 bytes
(epstopdf)             Command: <epstopdf --outfile=Figures/nsga2_dtlz3-eps-con
verted-to.pdf Figures/nsga2_dtlz3.eps>
(epstopdf)             \includegraphics on input line 716.
Package epstopdf Info: Output file is already uptodate.
<Figures/nsga2_dtlz3-eps-converted-to.pdf, id=221, 421.575pt x 316.18124pt>
File: Figures/nsga2_dtlz3-eps-converted-to.pdf Graphic file (type pdf)
<use Figures/nsga2_dtlz3-eps-converted-to.pdf>
Package pdftex.def Info: Figures/nsga2_dtlz3-eps-converted-to.pdf  used on inpu
t line 716.
(pdftex.def)             Requested size: 117.60277pt x 88.2037pt.
Package epstopdf Info: Source file: <Figures/nsga3_dtlz3_side.eps>
(epstopdf)                    date: 2018-06-06 21:46:34
(epstopdf)                    size: 67776 bytes
(epstopdf)             Output file: <Figures/nsga3_dtlz3_side-eps-converted-to.
pdf>
(epstopdf)                    date: 2018-06-06 22:03:18
(epstopdf)                    size: 13830 bytes
(epstopdf)             Command: <epstopdf --outfile=Figures/nsga3_dtlz3_side-ep
s-converted-to.pdf Figures/nsga3_dtlz3_side.eps>
(epstopdf)             \includegraphics on input line 723.
Package epstopdf Info: Output file is already uptodate.
<Figures/nsga3_dtlz3_side-eps-converted-to.pdf, id=222, 421.575pt x 316.18124pt
>
File: Figures/nsga3_dtlz3_side-eps-converted-to.pdf Graphic file (type pdf)
<use Figures/nsga3_dtlz3_side-eps-converted-to.pdf>
Package pdftex.def Info: Figures/nsga3_dtlz3_side-eps-converted-to.pdf  used on
 input line 723.
(pdftex.def)             Requested size: 244.70021pt x 183.52019pt.
Package epstopdf Info: Source file: <Figures/nsga3_dtlz3.eps>
(epstopdf)                    date: 2018-06-06 21:45:03
(epstopdf)                    size: 68839 bytes
(epstopdf)             Output file: <Figures/nsga3_dtlz3-eps-converted-to.pdf>
(epstopdf)                    date: 2018-06-06 22:03:20
(epstopdf)                    size: 13977 bytes
(epstopdf)             Command: <epstopdf --outfile=Figures/nsga3_dtlz3-eps-con
verted-to.pdf Figures/nsga3_dtlz3.eps>
(epstopdf)             \includegraphics on input line 723.
Package epstopdf Info: Output file is already uptodate.
<Figures/nsga3_dtlz3-eps-converted-to.pdf, id=223, 421.575pt x 316.18124pt>
File: Figures/nsga3_dtlz3-eps-converted-to.pdf Graphic file (type pdf)
<use Figures/nsga3_dtlz3-eps-converted-to.pdf>
Package pdftex.def Info: Figures/nsga3_dtlz3-eps-converted-to.pdf  used on inpu
t line 723.
(pdftex.def)             Requested size: 117.60277pt x 88.2037pt.
Package epstopdf Info: Source file: <Figures/spea2_dtlz3_side.eps>
(epstopdf)                    date: 2018-06-06 21:52:49
(epstopdf)                    size: 69864 bytes
(epstopdf)             Output file: <Figures/spea2_dtlz3_side-eps-converted-to.
pdf>
(epstopdf)                    date: 2018-06-06 22:03:21
(epstopdf)                    size: 14057 bytes
(epstopdf)             Command: <epstopdf --outfile=Figures/spea2_dtlz3_side-ep
s-converted-to.pdf Figures/spea2_dtlz3_side.eps>
(epstopdf)             \includegraphics on input line 730.
Package epstopdf Info: Output file is already uptodate.
<Figures/spea2_dtlz3_side-eps-converted-to.pdf, id=224, 421.575pt x 316.18124pt
>
File: Figures/spea2_dtlz3_side-eps-converted-to.pdf Graphic file (type pdf)
<use Figures/spea2_dtlz3_side-eps-converted-to.pdf>
Package pdftex.def Info: Figures/spea2_dtlz3_side-eps-converted-to.pdf  used on
 input line 730.
(pdftex.def)             Requested size: 244.70021pt x 183.52019pt.
Package epstopdf Info: Source file: <Figures/spea2_dtlz3.eps>
(epstopdf)                    date: 2018-06-06 21:52:35
(epstopdf)                    size: 68081 bytes
(epstopdf)             Output file: <Figures/spea2_dtlz3-eps-converted-to.pdf>
(epstopdf)                    date: 2018-06-06 22:03:22
(epstopdf)                    size: 13987 bytes
(epstopdf)             Command: <epstopdf --outfile=Figures/spea2_dtlz3-eps-con
verted-to.pdf Figures/spea2_dtlz3.eps>
(epstopdf)             \includegraphics on input line 730.
Package epstopdf Info: Output file is already uptodate.
<Figures/spea2_dtlz3-eps-converted-to.pdf, id=225, 421.575pt x 316.18124pt>
File: Figures/spea2_dtlz3-eps-converted-to.pdf Graphic file (type pdf)
<use Figures/spea2_dtlz3-eps-converted-to.pdf>
Package pdftex.def Info: Figures/spea2_dtlz3-eps-converted-to.pdf  used on inpu
t line 730.
(pdftex.def)             Requested size: 117.60277pt x 88.2037pt.
Package epstopdf Info: Source file: <Figures/moead_pbi_dtlz3_side.eps>
(epstopdf)                    date: 2018-06-06 22:06:48
(epstopdf)                    size: 70222 bytes
(epstopdf)             Output file: <Figures/moead_pbi_dtlz3_side-eps-converted
-to.pdf>
(epstopdf)                    date: 2018-06-06 22:07:03
(epstopdf)                    size: 13887 bytes
(epstopdf)             Command: <epstopdf --outfile=Figures/moead_pbi_dtlz3_sid
e-eps-converted-to.pdf Figures/moead_pbi_dtlz3_side.eps>
(epstopdf)             \includegraphics on input line 737.
Package epstopdf Info: Output file is already uptodate.
<Figures/moead_pbi_dtlz3_side-eps-converted-to.pdf, id=226, 421.575pt x 316.181
24pt>
File: Figures/moead_pbi_dtlz3_side-eps-converted-to.pdf Graphic file (type pdf)

<use Figures/moead_pbi_dtlz3_side-eps-converted-to.pdf>
Package pdftex.def Info: Figures/moead_pbi_dtlz3_side-eps-converted-to.pdf  use
d on input line 737.
(pdftex.def)             Requested size: 244.70021pt x 183.52019pt.
Package epstopdf Info: Source file: <Figures/moead_pbi_dtlz3.eps>
(epstopdf)                    date: 2018-06-06 21:55:47
(epstopdf)                    size: 67772 bytes
(epstopdf)             Output file: <Figures/moead_pbi_dtlz3-eps-converted-to.p
df>
(epstopdf)                    date: 2018-06-06 22:03:24
(epstopdf)                    size: 13893 bytes
(epstopdf)             Command: <epstopdf --outfile=Figures/moead_pbi_dtlz3-eps
-converted-to.pdf Figures/moead_pbi_dtlz3.eps>
(epstopdf)             \includegraphics on input line 737.
Package epstopdf Info: Output file is already uptodate.
<Figures/moead_pbi_dtlz3-eps-converted-to.pdf, id=227, 421.575pt x 316.18124pt>

File: Figures/moead_pbi_dtlz3-eps-converted-to.pdf Graphic file (type pdf)
<use Figures/moead_pbi_dtlz3-eps-converted-to.pdf>
Package pdftex.def Info: Figures/moead_pbi_dtlz3-eps-converted-to.pdf  used on 
input line 737.
(pdftex.def)             Requested size: 117.60277pt x 88.2037pt.
[31

 <./Figures/nsga_dtlz3_side-eps-converted-to.pdf> <./Figures/nsga_dtlz3-eps-con
verted-to.pdf>] [32 <./Figures/nsga2_dtlz3_side-eps-converted-to.pdf> <./Figure
s/nsga2_dtlz3-eps-converted-to.pdf> <./Figures/nsga3_dtlz3_side-eps-converted-t
o.pdf> <./Figures/nsga3_dtlz3-eps-converted-to.pdf>]
Package epstopdf Info: Source file: <Figures/moead_tch_dtlz3_side.eps>
(epstopdf)                    date: 2018-06-06 22:00:14
(epstopdf)                    size: 69438 bytes
(epstopdf)             Output file: <Figures/moead_tch_dtlz3_side-eps-converted
-to.pdf>
(epstopdf)                    date: 2018-06-06 22:03:25
(epstopdf)                    size: 12078 bytes
(epstopdf)             Command: <epstopdf --outfile=Figures/moead_tch_dtlz3_sid
e-eps-converted-to.pdf Figures/moead_tch_dtlz3_side.eps>
(epstopdf)             \includegraphics on input line 747.
Package epstopdf Info: Output file is already uptodate.
<Figures/moead_tch_dtlz3_side-eps-converted-to.pdf, id=265, 421.575pt x 316.181
24pt>
File: Figures/moead_tch_dtlz3_side-eps-converted-to.pdf Graphic file (type pdf)

<use Figures/moead_tch_dtlz3_side-eps-converted-to.pdf>
Package pdftex.def Info: Figures/moead_tch_dtlz3_side-eps-converted-to.pdf  use
d on input line 747.
(pdftex.def)             Requested size: 244.70021pt x 183.52019pt.
Package epstopdf Info: Source file: <Figures/moead_tch_dtlz3.eps>
(epstopdf)                    date: 2018-06-06 21:59:56
(epstopdf)                    size: 70209 bytes
(epstopdf)             Output file: <Figures/moead_tch_dtlz3-eps-converted-to.p
df>
(epstopdf)                    date: 2018-06-06 22:03:27
(epstopdf)                    size: 12032 bytes
(epstopdf)             Command: <epstopdf --outfile=Figures/moead_tch_dtlz3-eps
-converted-to.pdf Figures/moead_tch_dtlz3.eps>
(epstopdf)             \includegraphics on input line 747.
Package epstopdf Info: Output file is already uptodate.
<Figures/moead_tch_dtlz3-eps-converted-to.pdf, id=266, 421.575pt x 316.18124pt>

File: Figures/moead_tch_dtlz3-eps-converted-to.pdf Graphic file (type pdf)
<use Figures/moead_tch_dtlz3-eps-converted-to.pdf>
Package pdftex.def Info: Figures/moead_tch_dtlz3-eps-converted-to.pdf  used on 
input line 747.
(pdftex.def)             Requested size: 117.60277pt x 88.2037pt.

Overfull \hbox (68.71997pt too wide) in paragraph at lines 757--775
 [][] 
 []


Overfull \hbox (4.26038pt too wide) in paragraph at lines 776--777
[]\T1/ptm/m/n/12 Kako vi-dimo iz ta-blice, za ve¢i broj cilj-nih funk-cija MOEA
/D-TCH, NSGA, NSGA-
 []

[33 <./Figures/spea2_dtlz3_side-eps-converted-to.pdf> <./Figures/spea2_dtlz3-ep
s-converted-to.pdf> <./Figures/moead_pbi_dtlz3_side-eps-converted-to.pdf> <./Fi
gures/moead_pbi_dtlz3-eps-converted-to.pdf>] [34 <./Figures/moead_tch_dtlz3_sid
e-eps-converted-to.pdf> <./Figures/moead_tch_dtlz3-eps-converted-to.pdf>]
Overfull \hbox (55.95432pt too wide) detected at line 790
[]
 []


Underfull \hbox (badness 10000) in paragraph at lines 790--792

 []

Package epstopdf Info: Source file: <Figures/nsga_dtlz4_side.eps>
(epstopdf)                    date: 2018-06-06 23:18:57
(epstopdf)                    size: 67874 bytes
(epstopdf)             Output file: <Figures/nsga_dtlz4_side-eps-converted-to.p
df>
(epstopdf)                    date: 2018-06-06 23:37:56
(epstopdf)                    size: 13270 bytes
(epstopdf)             Command: <epstopdf --outfile=Figures/nsga_dtlz4_side-eps
-converted-to.pdf Figures/nsga_dtlz4_side.eps>
(epstopdf)             \includegraphics on input line 795.
Package epstopdf Info: Output file is already uptodate.
<Figures/nsga_dtlz4_side-eps-converted-to.pdf, id=303, 421.575pt x 316.18124pt>

File: Figures/nsga_dtlz4_side-eps-converted-to.pdf Graphic file (type pdf)
<use Figures/nsga_dtlz4_side-eps-converted-to.pdf>
Package pdftex.def Info: Figures/nsga_dtlz4_side-eps-converted-to.pdf  used on 
input line 795.
(pdftex.def)             Requested size: 244.70021pt x 183.52019pt.
Package epstopdf Info: Source file: <Figures/nsga_dtlz4.eps>
(epstopdf)                    date: 2018-06-06 23:18:01
(epstopdf)                    size: 68171 bytes
(epstopdf)             Output file: <Figures/nsga_dtlz4-eps-converted-to.pdf>
(epstopdf)                    date: 2018-06-06 23:36:20
(epstopdf)                    size: 13332 bytes
(epstopdf)             Command: <epstopdf --outfile=Figures/nsga_dtlz4-eps-conv
erted-to.pdf Figures/nsga_dtlz4.eps>
(epstopdf)             \includegraphics on input line 795.
Package epstopdf Info: Output file is already uptodate.
<Figures/nsga_dtlz4-eps-converted-to.pdf, id=304, 421.575pt x 316.18124pt>
File: Figures/nsga_dtlz4-eps-converted-to.pdf Graphic file (type pdf)
<use Figures/nsga_dtlz4-eps-converted-to.pdf>
Package pdftex.def Info: Figures/nsga_dtlz4-eps-converted-to.pdf  used on input
 line 795.
(pdftex.def)             Requested size: 117.60277pt x 88.2037pt.
Package epstopdf Info: Source file: <Figures/nsga2_dtlz4_side.eps>
(epstopdf)                    date: 2018-06-06 23:25:12
(epstopdf)                    size: 69276 bytes
(epstopdf)             Output file: <Figures/nsga2_dtlz4_side-eps-converted-to.
pdf>
(epstopdf)                    date: 2018-06-06 23:36:22
(epstopdf)                    size: 14065 bytes
(epstopdf)             Command: <epstopdf --outfile=Figures/nsga2_dtlz4_side-ep
s-converted-to.pdf Figures/nsga2_dtlz4_side.eps>
(epstopdf)             \includegraphics on input line 802.
Package epstopdf Info: Output file is already uptodate.
<Figures/nsga2_dtlz4_side-eps-converted-to.pdf, id=305, 421.575pt x 316.18124pt
>
File: Figures/nsga2_dtlz4_side-eps-converted-to.pdf Graphic file (type pdf)
<use Figures/nsga2_dtlz4_side-eps-converted-to.pdf>
Package pdftex.def Info: Figures/nsga2_dtlz4_side-eps-converted-to.pdf  used on
 input line 802.
(pdftex.def)             Requested size: 244.70021pt x 183.52019pt.
Package epstopdf Info: Source file: <Figures/nsga2_dtlz4.eps>
(epstopdf)                    date: 2018-06-06 23:24:36
(epstopdf)                    size: 67232 bytes
(epstopdf)             Output file: <Figures/nsga2_dtlz4-eps-converted-to.pdf>
(epstopdf)                    date: 2018-06-06 23:36:23
(epstopdf)                    size: 13979 bytes
(epstopdf)             Command: <epstopdf --outfile=Figures/nsga2_dtlz4-eps-con
verted-to.pdf Figures/nsga2_dtlz4.eps>
(epstopdf)             \includegraphics on input line 802.
Package epstopdf Info: Output file is already uptodate.
<Figures/nsga2_dtlz4-eps-converted-to.pdf, id=306, 421.575pt x 316.18124pt>
File: Figures/nsga2_dtlz4-eps-converted-to.pdf Graphic file (type pdf)
<use Figures/nsga2_dtlz4-eps-converted-to.pdf>
Package pdftex.def Info: Figures/nsga2_dtlz4-eps-converted-to.pdf  used on inpu
t line 802.
(pdftex.def)             Requested size: 117.60277pt x 88.2037pt.
Package epstopdf Info: Source file: <Figures/nsga3_dtlz4_side.eps>
(epstopdf)                    date: 2018-06-06 23:26:51
(epstopdf)                    size: 68685 bytes
(epstopdf)             Output file: <Figures/nsga3_dtlz4_side-eps-converted-to.
pdf>
(epstopdf)                    date: 2018-06-06 23:36:24
(epstopdf)                    size: 13943 bytes
(epstopdf)             Command: <epstopdf --outfile=Figures/nsga3_dtlz4_side-ep
s-converted-to.pdf Figures/nsga3_dtlz4_side.eps>
(epstopdf)             \includegraphics on input line 809.
Package epstopdf Info: Output file is already uptodate.
<Figures/nsga3_dtlz4_side-eps-converted-to.pdf, id=307, 421.575pt x 316.18124pt
>
File: Figures/nsga3_dtlz4_side-eps-converted-to.pdf Graphic file (type pdf)
<use Figures/nsga3_dtlz4_side-eps-converted-to.pdf>
Package pdftex.def Info: Figures/nsga3_dtlz4_side-eps-converted-to.pdf  used on
 input line 809.
(pdftex.def)             Requested size: 244.70021pt x 183.52019pt.
Package epstopdf Info: Source file: <Figures/nsga3_dtlz4.eps>
(epstopdf)                    date: 2018-06-06 23:26:10
(epstopdf)                    size: 68717 bytes
(epstopdf)             Output file: <Figures/nsga3_dtlz4-eps-converted-to.pdf>
(epstopdf)                    date: 2018-06-06 23:36:25
(epstopdf)                    size: 13982 bytes
(epstopdf)             Command: <epstopdf --outfile=Figures/nsga3_dtlz4-eps-con
verted-to.pdf Figures/nsga3_dtlz4.eps>
(epstopdf)             \includegraphics on input line 809.
Package epstopdf Info: Output file is already uptodate.
<Figures/nsga3_dtlz4-eps-converted-to.pdf, id=308, 421.575pt x 316.18124pt>
File: Figures/nsga3_dtlz4-eps-converted-to.pdf Graphic file (type pdf)
<use Figures/nsga3_dtlz4-eps-converted-to.pdf>
Package pdftex.def Info: Figures/nsga3_dtlz4-eps-converted-to.pdf  used on inpu
t line 809.
(pdftex.def)             Requested size: 117.60277pt x 88.2037pt.
Package epstopdf Info: Source file: <Figures/spea2_dtlz4_side.eps>
(epstopdf)                    date: 2018-06-06 23:30:14
(epstopdf)                    size: 69038 bytes
(epstopdf)             Output file: <Figures/spea2_dtlz4_side-eps-converted-to.
pdf>
(epstopdf)                    date: 2018-06-06 23:36:27
(epstopdf)                    size: 13864 bytes
(epstopdf)             Command: <epstopdf --outfile=Figures/spea2_dtlz4_side-ep
s-converted-to.pdf Figures/spea2_dtlz4_side.eps>
(epstopdf)             \includegraphics on input line 816.
Package epstopdf Info: Output file is already uptodate.
<Figures/spea2_dtlz4_side-eps-converted-to.pdf, id=309, 421.575pt x 316.18124pt
>
File: Figures/spea2_dtlz4_side-eps-converted-to.pdf Graphic file (type pdf)
<use Figures/spea2_dtlz4_side-eps-converted-to.pdf>
Package pdftex.def Info: Figures/spea2_dtlz4_side-eps-converted-to.pdf  used on
 input line 816.
(pdftex.def)             Requested size: 244.70021pt x 183.52019pt.
Package epstopdf Info: Source file: <Figures/spea2_dtlz4.eps>
(epstopdf)                    date: 2018-06-06 23:28:36
(epstopdf)                    size: 67831 bytes
(epstopdf)             Output file: <Figures/spea2_dtlz4-eps-converted-to.pdf>
(epstopdf)                    date: 2018-06-06 23:36:28
(epstopdf)                    size: 13808 bytes
(epstopdf)             Command: <epstopdf --outfile=Figures/spea2_dtlz4-eps-con
verted-to.pdf Figures/spea2_dtlz4.eps>
(epstopdf)             \includegraphics on input line 816.
Package epstopdf Info: Output file is already uptodate.
<Figures/spea2_dtlz4-eps-converted-to.pdf, id=310, 421.575pt x 316.18124pt>
File: Figures/spea2_dtlz4-eps-converted-to.pdf Graphic file (type pdf)
<use Figures/spea2_dtlz4-eps-converted-to.pdf>
Package pdftex.def Info: Figures/spea2_dtlz4-eps-converted-to.pdf  used on inpu
t line 816.
(pdftex.def)             Requested size: 117.60277pt x 88.2037pt.
Package epstopdf Info: Source file: <Figures/moead_pbi_dtlz4_side.eps>
(epstopdf)                    date: 2018-06-06 23:31:53
(epstopdf)                    size: 68860 bytes
(epstopdf)             Output file: <Figures/moead_pbi_dtlz4_side-eps-converted
-to.pdf>
(epstopdf)                    date: 2018-06-06 23:37:57
(epstopdf)                    size: 13924 bytes
(epstopdf)             Command: <epstopdf --outfile=Figures/moead_pbi_dtlz4_sid
e-eps-converted-to.pdf Figures/moead_pbi_dtlz4_side.eps>
(epstopdf)             \includegraphics on input line 823.
Package epstopdf Info: Output file is already uptodate.
<Figures/moead_pbi_dtlz4_side-eps-converted-to.pdf, id=311, 421.575pt x 316.181
24pt>
File: Figures/moead_pbi_dtlz4_side-eps-converted-to.pdf Graphic file (type pdf)

<use Figures/moead_pbi_dtlz4_side-eps-converted-to.pdf>
Package pdftex.def Info: Figures/moead_pbi_dtlz4_side-eps-converted-to.pdf  use
d on input line 823.
(pdftex.def)             Requested size: 244.70021pt x 183.52019pt.
Package epstopdf Info: Source file: <Figures/moead_pbi_dtlz4.eps>
(epstopdf)                    date: 2018-06-06 23:31:42
(epstopdf)                    size: 68519 bytes
(epstopdf)             Output file: <Figures/moead_pbi_dtlz4-eps-converted-to.p
df>
(epstopdf)                    date: 2018-06-06 23:36:30
(epstopdf)                    size: 13966 bytes
(epstopdf)             Command: <epstopdf --outfile=Figures/moead_pbi_dtlz4-eps
-converted-to.pdf Figures/moead_pbi_dtlz4.eps>
(epstopdf)             \includegraphics on input line 823.
Package epstopdf Info: Output file is already uptodate.
<Figures/moead_pbi_dtlz4-eps-converted-to.pdf, id=312, 421.575pt x 316.18124pt>

File: Figures/moead_pbi_dtlz4-eps-converted-to.pdf Graphic file (type pdf)
<use Figures/moead_pbi_dtlz4-eps-converted-to.pdf>
Package pdftex.def Info: Figures/moead_pbi_dtlz4-eps-converted-to.pdf  used on 
input line 823.
(pdftex.def)             Requested size: 117.60277pt x 88.2037pt.
[35

 <./Figures/nsga_dtlz4_side-eps-converted-to.pdf> <./Figures/nsga_dtlz4-eps-con
verted-to.pdf>] [36 <./Figures/nsga2_dtlz4_side-eps-converted-to.pdf> <./Figure
s/nsga2_dtlz4-eps-converted-to.pdf> <./Figures/nsga3_dtlz4_side-eps-converted-t
o.pdf> <./Figures/nsga3_dtlz4-eps-converted-to.pdf>]
Package epstopdf Info: Source file: <Figures/moead_tch_dtlz4_side.eps>
(epstopdf)                    date: 2018-06-06 23:34:17
(epstopdf)                    size: 69456 bytes
(epstopdf)             Output file: <Figures/moead_tch_dtlz4_side-eps-converted
-to.pdf>
(epstopdf)                    date: 2018-06-06 23:36:31
(epstopdf)                    size: 12577 bytes
(epstopdf)             Command: <epstopdf --outfile=Figures/moead_tch_dtlz4_sid
e-eps-converted-to.pdf Figures/moead_tch_dtlz4_side.eps>
(epstopdf)             \includegraphics on input line 833.
Package epstopdf Info: Output file is already uptodate.
<Figures/moead_tch_dtlz4_side-eps-converted-to.pdf, id=349, 421.575pt x 316.181
24pt>
File: Figures/moead_tch_dtlz4_side-eps-converted-to.pdf Graphic file (type pdf)

<use Figures/moead_tch_dtlz4_side-eps-converted-to.pdf>
Package pdftex.def Info: Figures/moead_tch_dtlz4_side-eps-converted-to.pdf  use
d on input line 833.
(pdftex.def)             Requested size: 244.70021pt x 183.52019pt.
Package epstopdf Info: Source file: <Figures/moead_tch_dtlz4.eps>
(epstopdf)                    date: 2018-06-06 23:34:03
(epstopdf)                    size: 69885 bytes
(epstopdf)             Output file: <Figures/moead_tch_dtlz4-eps-converted-to.p
df>
(epstopdf)                    date: 2018-06-06 23:36:32
(epstopdf)                    size: 12517 bytes
(epstopdf)             Command: <epstopdf --outfile=Figures/moead_tch_dtlz4-eps
-converted-to.pdf Figures/moead_tch_dtlz4.eps>
(epstopdf)             \includegraphics on input line 833.
Package epstopdf Info: Output file is already uptodate.
<Figures/moead_tch_dtlz4-eps-converted-to.pdf, id=350, 421.575pt x 316.18124pt>

File: Figures/moead_tch_dtlz4-eps-converted-to.pdf Graphic file (type pdf)
<use Figures/moead_tch_dtlz4-eps-converted-to.pdf>
Package pdftex.def Info: Figures/moead_tch_dtlz4-eps-converted-to.pdf  used on 
input line 833.
(pdftex.def)             Requested size: 117.60277pt x 88.2037pt.

Overfull \hbox (68.71997pt too wide) in paragraph at lines 844--861
 [][] 
 []

[37 <./Figures/spea2_dtlz4_side-eps-converted-to.pdf> <./Figures/spea2_dtlz4-ep
s-converted-to.pdf> <./Figures/moead_pbi_dtlz4_side-eps-converted-to.pdf> <./Fi
gures/moead_pbi_dtlz4-eps-converted-to.pdf>] [38 <./Figures/moead_tch_dtlz4_sid
e-eps-converted-to.pdf> <./Figures/moead_tch_dtlz4-eps-converted-to.pdf>]
Poglavlje 4.

Overfull \hbox (51.45671pt too wide) in paragraph at lines 870--871
[]\T1/ptm/m/n/12 pove¢anjem broja cilj-nih funk-cija al-go-rit-mima NSGA, NSGA-
II, SPEA2 i []
 []

(zavrsni.bbl [39

]
Underfull \hbox (badness 10000) in paragraph at lines 9--14
\T1/pcr/m/n/12 edu . tw / ~tcchiang / publications / nsga3cpp / nsga3cpp . htm$
\T1/ptm/m/n/12 ,
 []

[40

]
Underfull \hbox (badness 1596) in paragraph at lines 73--78
[]\T1/ptm/m/n/12 H. Is-hi-buchi, Y. Se-to-guchi, H. Ma-suda, i Y. No-jima.  Per
-for-mance of
 []

) [41]
Overfull \hbox (10.02417pt too wide) in paragraph at lines 887--888
\T1/ptm/m/n/12 MOEA/D-TCH. The al-go-rit-hms are tes-ted on 2-to-10-objective D
TLZ1, DTLZ2, DTLZ3
 []

[42] (zavrsni.aux) ) 
Here is how much of TeX's memory you used:
 7026 strings out of 493305
 108373 string characters out of 3129367
 186826 words of memory out of 3000000
 10339 multiletter control sequences out of 15000+200000
 71064 words of font info for 95 fonts, out of 3000000 for 9000
 1141 hyphenation exceptions out of 8191
 43i,12n,40p,1400b,757s stack positions out of 5000i,500n,10000p,200000b,50000s
{C:/Users/JARVIS/AppData/Local/Programs/MiKTeX 2.9/fonts/en
c/dvips/base/8r.enc}<C:/Users/JARVIS/AppData/Local/Programs/MiKTeX 2.9/fonts/ty
pe1/public/amsfonts/cm/cmbx10.pfb><C:/Users/JARVIS/AppData/Local/Programs/MiKTe
X 2.9/fonts/type1/public/amsfonts/cm/cmbx12.pfb><C:/Users/JARVIS/AppData/Local/
Programs/MiKTeX 2.9/fonts/type1/public/amsfonts/cm/cmbx8.pfb><C:/Users/JARVIS/A
ppData/Local/Programs/MiKTeX 2.9/fonts/type1/public/amsfonts/cm/cmex10.pfb><C:/
Users/JARVIS/AppData/Local/Programs/MiKTeX 2.9/fonts/type1/public/amsfonts/cm/c
mmi10.pfb><C:/Users/JARVIS/AppData/Local/Programs/MiKTeX 2.9/fonts/type1/public
/amsfonts/cm/cmmi12.pfb><C:/Users/JARVIS/AppData/Local/Programs/MiKTeX 2.9/font
s/type1/public/amsfonts/cm/cmmi6.pfb><C:/Users/JARVIS/AppData/Local/Programs/Mi
KTeX 2.9/fonts/type1/public/amsfonts/cm/cmmi8.pfb><C:/Users/JARVIS/AppData/Loca
l/Programs/MiKTeX 2.9/fonts/type1/public/amsfonts/cm/cmr10.pfb><C:/Users/JARVIS
/AppData/Local/Programs/MiKTeX 2.9/fonts/type1/public/amsfonts/cm/cmr12.pfb><C:
/Users/JARVIS/AppData/Local/Programs/MiKTeX 2.9/fonts/type1/public/amsfonts/cm/
cmr6.pfb><C:/Users/JARVIS/AppData/Local/Programs/MiKTeX 2.9/fonts/type1/public/
amsfonts/cm/cmr8.pfb><C:/Users/JARVIS/AppData/Local/Programs/MiKTeX 2.9/fonts/t
ype1/public/amsfonts/cm/cmsy10.pfb><C:/Users/JARVIS/AppData/Local/Programs/MiKT
eX 2.9/fonts/type1/public/amsfonts/cm/cmsy6.pfb><C:/Users/JARVIS/AppData/Local/
Programs/MiKTeX 2.9/fonts/type1/public/amsfonts/cm/cmsy8.pfb><C:/Users/JARVIS/A
ppData/Local/Programs/MiKTeX 2.9/fonts/type1/urw/courier/ucrr8a.pfb><C:/Users/J
ARVIS/AppData/Local/Programs/MiKTeX 2.9/fonts/type1/urw/courier/ucrro8a.pfb><C:
/Users/JARVIS/AppData/Local/Programs/MiKTeX 2.9/fonts/type1/urw/helvetic/uhvb8a
.pfb><C:/Users/JARVIS/AppData/Local/Programs/MiKTeX 2.9/fonts/type1/urw/helveti
c/uhvr8a.pfb><C:/Users/JARVIS/AppData/Local/Programs/MiKTeX 2.9/fonts/type1/urw
/times/utmb8a.pfb><C:/Users/JARVIS/AppData/Local/Programs/MiKTeX 2.9/fonts/type
1/urw/times/utmr8a.pfb><C:/Users/JARVIS/AppData/Local/Programs/MiKTeX 2.9/fonts
/type1/urw/times/utmr8a.pfb><C:/Users/JARVIS/AppData/Local/Programs/MiKTeX 2.9/
fonts/type1/urw/times/utmri8a.pfb>
Output written on zavrsni.pdf (47 pages, 1173132 bytes).
PDF statistics:
 475 PDF objects out of 1000 (max. 8388607)
 0 named destinations out of 1000 (max. 500000)
 241 words of extra memory for PDF output out of 10000 (max. 10000000)

